2025-11-30 11:27:32,946 [INFO] Log initiated.
2025-11-30 11:27:32,955 [INFO] Table 'projects' created.
2025-11-30 11:27:36,809 [INFO] Calling API - https://techport.nasa.gov/api/projects, {'updatedSince': '2020-01-01'}, {'accept': 'application/json'}
2025-11-30 11:27:39,644 [INFO] Project 157865 -> INSERTED into 'projects'
2025-11-30 11:27:40,640 [INFO] Project 157847 -> INSERTED into 'projects'
2025-11-30 11:27:41,613 [INFO] Project 157848 -> INSERTED into 'projects'
2025-11-30 11:27:42,633 [INFO] Project 13543 -> INSERTED into 'projects'
2025-11-30 11:27:43,628 [INFO] Project 157851 -> INSERTED into 'projects'
2025-11-30 11:27:44,427 [INFO] Project 96991 -> INSERTED into 'projects'
2025-11-30 11:27:45,399 [INFO] Project 182201 -> INSERTED into 'projects'
2025-11-30 11:27:46,416 [INFO] Project 118499 -> INSERTED into 'projects'
2025-11-30 11:27:47,225 [INFO] Project 156317 -> INSERTED into 'projects'
2025-11-30 11:27:48,209 [INFO] Project 96142 -> INSERTED into 'projects'
2025-11-30 11:27:49,185 [INFO] Project 118324 -> INSERTED into 'projects'
2025-11-30 11:27:49,974 [INFO] Project 118313 -> INSERTED into 'projects'
2025-11-30 11:27:50,779 [INFO] Project 156382 -> INSERTED into 'projects'
2025-11-30 11:27:51,590 [INFO] Project 156383 -> INSERTED into 'projects'
2025-11-30 11:27:52,398 [INFO] Project 156381 -> INSERTED into 'projects'
2025-11-30 11:27:53,371 [INFO] Project 118494 -> INSERTED into 'projects'
2025-11-30 11:27:54,359 [INFO] Project 118500 -> INSERTED into 'projects'
2025-11-30 11:27:55,356 [INFO] Project 118528 -> INSERTED into 'projects'
2025-11-30 11:27:56,150 [INFO] Project 182203 -> INSERTED into 'projects'
2025-11-30 11:27:56,938 [INFO] Project 158655 -> INSERTED into 'projects'
2025-11-30 11:27:57,749 [INFO] Project 158492 -> INSERTED into 'projects'
2025-11-30 11:27:58,560 [INFO] Project 158417 -> INSERTED into 'projects'
2025-11-30 11:27:59,342 [INFO] Project 158668 -> INSERTED into 'projects'
2025-11-30 11:28:00,127 [INFO] Project 158653 -> INSERTED into 'projects'
2025-11-30 11:28:00,940 [INFO] Project 158568 -> INSERTED into 'projects'
2025-11-30 11:28:01,739 [INFO] Project 158654 -> INSERTED into 'projects'
2025-11-30 11:28:01,534 [INFO] Project 158007 -> INSERTED into 'projects'
2025-11-30 11:28:02,370 [INFO] Project 118414 -> INSERTED into 'projects'
2025-11-30 11:28:03,167 [INFO] Project 118412 -> INSERTED into 'projects'
2025-11-30 11:28:03,962 [INFO] Project 118419 -> INSERTED into 'projects'
2025-11-30 11:28:04,761 [INFO] Project 118415 -> INSERTED into 'projects'
2025-11-30 11:28:05,574 [INFO] Project 118416 -> INSERTED into 'projects'
2025-11-30 11:28:06,370 [INFO] Project 118411 -> INSERTED into 'projects'
2025-11-30 11:28:07,159 [INFO] Project 118413 -> INSERTED into 'projects'
2025-11-30 11:28:07,961 [INFO] Project 118420 -> INSERTED into 'projects'
2025-11-30 11:28:08,769 [INFO] Project 118417 -> INSERTED into 'projects'
2025-11-30 11:28:09,752 [INFO] Project 118269 -> INSERTED into 'projects'
2025-11-30 11:28:10,545 [INFO] Project 118272 -> INSERTED into 'projects'
2025-11-30 11:28:11,358 [INFO] Project 118482 -> INSERTED into 'projects'
2025-11-30 11:28:12,161 [INFO] Project 118527 -> INSERTED into 'projects'
2025-11-30 11:28:12,950 [INFO] Project 118478 -> INSERTED into 'projects'
2025-11-30 11:28:13,751 [INFO] Project 118264 -> INSERTED into 'projects'
2025-11-30 11:28:14,570 [INFO] Project 118496 -> INSERTED into 'projects'
2025-11-30 11:28:15,373 [INFO] Project 118287 -> INSERTED into 'projects'
2025-11-30 11:28:16,184 [INFO] Project 118483 -> INSERTED into 'projects'
2025-11-30 11:28:16,986 [INFO] Project 118385 -> INSERTED into 'projects'
2025-11-30 11:28:17,790 [INFO] Project 118387 -> INSERTED into 'projects'
2025-11-30 11:28:18,579 [INFO] Project 118491 -> INSERTED into 'projects'
2025-11-30 11:28:19,567 [INFO] Project 118405 -> INSERTED into 'projects'
2025-11-30 11:28:20,379 [INFO] Project 156376 -> INSERTED into 'projects'
2025-11-30 11:28:21,180 [INFO] Project 156380 -> INSERTED into 'projects'
2025-11-30 11:28:21,965 [INFO] Project 156378 -> INSERTED into 'projects'
2025-11-30 11:28:22,783 [INFO] Project 156379 -> INSERTED into 'projects'
2025-11-30 11:28:23,598 [INFO] Project 156374 -> INSERTED into 'projects'
2025-11-30 11:28:24,398 [INFO] Project 156377 -> INSERTED into 'projects'
2025-11-30 11:28:25,182 [INFO] Project 156375 -> INSERTED into 'projects'
2025-11-30 11:28:26,001 [INFO] Project 118285 -> INSERTED into 'projects'
2025-11-30 11:28:26,785 [INFO] Project 118266 -> INSERTED into 'projects'
2025-11-30 11:28:27,584 [INFO] Project 118281 -> INSERTED into 'projects'
2025-11-30 11:28:28,387 [INFO] Project 118271 -> INSERTED into 'projects'
2025-11-30 11:28:29,187 [INFO] Project 118314 -> INSERTED into 'projects'
2025-11-30 11:28:29,973 [INFO] Project 118268 -> INSERTED into 'projects'
2025-11-30 11:28:30,755 [INFO] Project 118325 -> INSERTED into 'projects'
2025-11-30 11:28:31,566 [INFO] Project 118327 -> INSERTED into 'projects'
2025-11-30 11:28:32,383 [INFO] Project 118339 -> INSERTED into 'projects'
2025-11-30 11:28:33,166 [INFO] Project 118296 -> INSERTED into 'projects'
2025-11-30 11:28:32,929 [INFO] Project 118298 -> INSERTED into 'projects'
2025-11-30 11:28:33,742 [INFO] Project 118484 -> INSERTED into 'projects'
2025-11-30 11:28:34,557 [INFO] Project 118418 -> INSERTED into 'projects'
2025-11-30 11:28:35,554 [INFO] Project 13633 -> INSERTED into 'projects'
2025-11-30 11:28:36,536 [INFO] Project 116394 -> INSERTED into 'projects'
2025-11-30 11:28:37,361 [INFO] Project 157846 -> INSERTED into 'projects'
2025-11-30 11:28:38,174 [INFO] Project 157849 -> INSERTED into 'projects'
2025-11-30 11:28:38,956 [INFO] Project 157850 -> INSERTED into 'projects'
2025-11-30 11:28:39,960 [INFO] Project 157177 -> INSERTED into 'projects'
2025-11-30 11:28:40,951 [INFO] Project 183792 -> INSERTED into 'projects'
2025-11-30 11:28:41,740 [INFO] Project 157884 -> INSERTED into 'projects'
2025-11-30 11:28:42,543 [INFO] Project 157885 -> INSERTED into 'projects'
2025-11-30 11:28:43,340 [INFO] Project 118450 -> INSERTED into 'projects'
2025-11-30 11:28:44,340 [INFO] Project 105674 -> INSERTED into 'projects'
2025-11-30 11:28:45,308 [INFO] Project 158365 -> INSERTED into 'projects'
2025-11-30 11:28:46,292 [INFO] Project 158564 -> INSERTED into 'projects'
2025-11-30 11:28:47,292 [INFO] Project 158415 -> INSERTED into 'projects'
2025-11-30 11:28:48,277 [INFO] Project 156387 -> INSERTED into 'projects'
2025-11-30 11:28:49,257 [INFO] Project 158657 -> INSERTED into 'projects'
2025-11-30 11:28:50,257 [INFO] Project 116757 -> INSERTED into 'projects'
2025-11-30 11:28:51,240 [INFO] Project 158620 -> INSERTED into 'projects'
2025-11-30 11:28:52,228 [INFO] Project 116762 -> INSERTED into 'projects'
2025-11-30 11:28:53,216 [INFO] Project 156386 -> INSERTED into 'projects'
2025-11-30 11:28:54,209 [INFO] Project 156389 -> INSERTED into 'projects'
2025-11-30 11:28:55,196 [INFO] Project 156385 -> INSERTED into 'projects'
2025-11-30 11:28:56,183 [INFO] Project 158454 -> INSERTED into 'projects'
2025-11-30 11:28:57,148 [INFO] Project 158537 -> INSERTED into 'projects'
2025-11-30 11:28:58,143 [INFO] Project 116758 -> INSERTED into 'projects'
2025-11-30 11:28:59,142 [INFO] Project 158547 -> INSERTED into 'projects'
2025-11-30 11:29:01,155 [INFO] Project 158467 -> INSERTED into 'projects'
2025-11-30 11:29:02,126 [INFO] Project 158524 -> INSERTED into 'projects'
2025-11-30 11:29:03,092 [INFO] Project 158583 -> INSERTED into 'projects'
2025-11-30 11:29:04,098 [INFO] Project 93128 -> INSERTED into 'projects'
2025-11-30 11:29:04,102 [INFO] Project 10759 -> INSERTED into 'projects'
2025-11-30 11:29:04,901 [INFO] Project 116378 -> INSERTED into 'projects'
2025-11-30 11:29:05,893 [INFO] Project 118383 -> INSERTED into 'projects'
2025-11-30 11:29:06,881 [INFO] Project 182433 -> INSERTED into 'projects'
2025-11-30 11:29:07,873 [INFO] Project 182429 -> INSERTED into 'projects'
2025-11-30 11:29:08,873 [INFO] Project 182437 -> INSERTED into 'projects'
2025-11-30 11:29:09,668 [INFO] Project 182471 -> INSERTED into 'projects'
2025-11-30 11:29:10,664 [INFO] Project 182431 -> INSERTED into 'projects'
2025-11-30 11:29:11,638 [INFO] Project 182428 -> INSERTED into 'projects'
2025-11-30 11:29:12,660 [INFO] Project 116319 -> INSERTED into 'projects'
2025-11-30 11:29:13,630 [INFO] Project 158189 -> INSERTED into 'projects'
2025-11-30 11:29:14,625 [INFO] Project 116332 -> INSERTED into 'projects'
2025-11-30 11:29:15,612 [INFO] Project 183451 -> INSERTED into 'projects'
2025-11-30 11:29:16,396 [INFO] Project 156341 -> INSERTED into 'projects'
2025-11-30 11:29:17,196 [INFO] Project 157867 -> INSERTED into 'projects'
2025-11-30 11:29:18,840 [INFO] Project 116262 -> INSERTED into 'projects'
2025-11-30 11:29:19,653 [INFO] Project 155361 -> INSERTED into 'projects'
2025-11-30 11:29:20,625 [INFO] Project 94065 -> INSERTED into 'projects'
2025-11-30 11:29:21,438 [INFO] Project 106814 -> INSERTED into 'projects'
2025-11-30 11:29:22,419 [INFO] Project 182206 -> INSERTED into 'projects'
2025-11-30 11:29:23,416 [INFO] Project 113005 -> INSERTED into 'projects'
2025-11-30 11:29:24,210 [INFO] Project 91672 -> INSERTED into 'projects'
2025-11-30 11:29:25,200 [INFO] Project 93851 -> INSERTED into 'projects'
2025-11-30 11:29:26,217 [INFO] Project 158561 -> INSERTED into 'projects'
2025-11-30 11:29:27,206 [INFO] Project 158559 -> INSERTED into 'projects'
2025-11-30 11:29:28,187 [INFO] Project 105671 -> INSERTED into 'projects'
2025-11-30 11:29:29,411 [INFO] Project 13075 -> INSERTED into 'projects'
2025-11-30 11:29:30,419 [INFO] Project 105665 -> INSERTED into 'projects'
2025-11-30 11:29:31,408 [INFO] Project 158369 -> INSERTED into 'projects'
2025-11-30 11:29:32,188 [INFO] Project 156390 -> INSERTED into 'projects'
2025-11-30 11:29:33,000 [INFO] Project 156391 -> INSERTED into 'projects'
2025-11-30 11:29:33,799 [INFO] Project 156392 -> INSERTED into 'projects'
2025-11-30 11:29:34,595 [INFO] Project 106800 -> INSERTED into 'projects'
2025-11-30 11:29:35,595 [INFO] Project 106831 -> INSERTED into 'projects'
2025-11-30 11:29:35,583 [INFO] Project 155367 -> INSERTED into 'projects'
2025-11-30 11:29:36,548 [INFO] Project 106836 -> INSERTED into 'projects'
2025-11-30 11:29:37,547 [INFO] Project 106821 -> INSERTED into 'projects'
2025-11-30 11:29:38,341 [INFO] Project 106833 -> INSERTED into 'projects'
2025-11-30 11:29:39,320 [INFO] Project 106822 -> INSERTED into 'projects'
2025-11-30 11:29:40,321 [INFO] Project 155357 -> INSERTED into 'projects'
2025-11-30 11:29:41,296 [INFO] Project 155358 -> INSERTED into 'projects'
2025-11-30 11:29:42,293 [INFO] Project 155352 -> INSERTED into 'projects'
2025-11-30 11:29:43,261 [INFO] Project 155353 -> INSERTED into 'projects'
2025-11-30 11:29:44,244 [INFO] Project 106812 -> INSERTED into 'projects'
2025-11-30 11:29:45,256 [INFO] Project 182363 -> INSERTED into 'projects'
2025-11-30 11:29:46,056 [INFO] Project 182199 -> INSERTED into 'projects'
2025-11-30 11:29:46,859 [INFO] Project 182196 -> INSERTED into 'projects'
2025-11-30 11:29:47,658 [INFO] Project 158360 -> INSERTED into 'projects'
2025-11-30 11:29:48,462 [INFO] Project 158095 -> INSERTED into 'projects'
2025-11-30 11:29:49,251 [INFO] Project 158096 -> INSERTED into 'projects'
2025-11-30 11:29:50,050 [INFO] Project 182460 -> INSERTED into 'projects'
2025-11-30 11:29:50,851 [INFO] Project 182462 -> INSERTED into 'projects'
2025-11-30 11:29:51,670 [INFO] Project 182464 -> INSERTED into 'projects'
2025-11-30 11:29:52,471 [INFO] Project 182465 -> INSERTED into 'projects'
2025-11-30 11:29:53,453 [INFO] Project 117026 -> INSERTED into 'projects'
2025-11-30 11:29:54,267 [INFO] Project 182463 -> INSERTED into 'projects'
2025-11-30 11:29:55,254 [INFO] Project 117023 -> INSERTED into 'projects'
2025-11-30 11:29:56,060 [INFO] Project 158470 -> INSERTED into 'projects'
2025-11-30 11:29:56,874 [INFO] Project 106722 -> INSERTED into 'projects'
2025-11-30 11:29:57,867 [INFO] Project 158422 -> INSERTED into 'projects'
2025-11-30 11:29:58,673 [INFO] Project 158326 -> INSERTED into 'projects'
2025-11-30 11:29:59,491 [INFO] Project 158327 -> INSERTED into 'projects'
2025-11-30 11:30:00,475 [INFO] Project 157165 -> INSERTED into 'projects'
2025-11-30 11:30:01,458 [INFO] Project 157163 -> INSERTED into 'projects'
2025-11-30 11:30:02,440 [INFO] Project 157164 -> INSERTED into 'projects'
2025-11-30 11:30:03,252 [INFO] Project 116144 -> INSERTED into 'projects'
2025-11-30 11:30:04,251 [INFO] Project 157166 -> INSERTED into 'projects'
2025-11-30 11:30:05,240 [INFO] Project 118469 -> INSERTED into 'projects'
2025-11-30 11:30:06,247 [INFO] Project 10940 -> INSERTED into 'projects'
2025-11-30 11:30:07,058 [INFO] Project 157864 -> INSERTED into 'projects'
2025-11-30 11:30:06,818 [INFO] Project 157866 -> INSERTED into 'projects'
2025-11-30 11:30:07,818 [INFO] Project 116281 -> INSERTED into 'projects'
2025-11-30 11:30:08,831 [INFO] Project 97160 -> INSERTED into 'projects'
2025-11-30 11:30:09,806 [INFO] Project 97149 -> INSERTED into 'projects'
2025-11-30 11:30:10,792 [INFO] Project 97184 -> INSERTED into 'projects'
2025-11-30 11:30:11,772 [INFO] Project 97174 -> INSERTED into 'projects'
2025-11-30 11:30:12,751 [INFO] Project 97181 -> INSERTED into 'projects'
2025-11-30 11:30:13,729 [INFO] Project 97168 -> INSERTED into 'projects'
2025-11-30 11:30:14,507 [INFO] Project 97146 -> INSERTED into 'projects'
2025-11-30 11:30:15,490 [INFO] Project 97175 -> INSERTED into 'projects'
2025-11-30 11:30:16,485 [INFO] Project 92667 -> INSERTED into 'projects'
2025-11-30 11:30:17,299 [INFO] Project 157577 -> INSERTED into 'projects'
2025-11-30 11:30:18,121 [INFO] Project 183239 -> INSERTED into 'projects'
2025-11-30 11:30:19,137 [INFO] Project 182225 -> INSERTED into 'projects'
2025-11-30 11:30:20,158 [INFO] Project 183242 -> INSERTED into 'projects'
2025-11-30 11:30:20,979 [INFO] Project 157573 -> INSERTED into 'projects'
2025-11-30 11:30:22,004 [INFO] Project 157578 -> INSERTED into 'projects'
2025-11-30 11:30:22,823 [INFO] Project 182286 -> INSERTED into 'projects'
2025-11-30 11:30:23,817 [INFO] Project 183209 -> INSERTED into 'projects'
2025-11-30 11:30:24,810 [INFO] Project 182291 -> INSERTED into 'projects'
2025-11-30 11:30:25,618 [INFO] Project 182239 -> INSERTED into 'projects'
2025-11-30 11:30:26,607 [INFO] Project 157576 -> INSERTED into 'projects'
2025-11-30 11:30:27,603 [INFO] Project 157574 -> INSERTED into 'projects'
2025-11-30 11:30:28,596 [INFO] Project 182279 -> INSERTED into 'projects'
2025-11-30 11:30:29,402 [INFO] Project 182234 -> INSERTED into 'projects'
2025-11-30 11:30:30,388 [INFO] Project 157579 -> INSERTED into 'projects'
2025-11-30 11:30:31,180 [INFO] Project 182246 -> INSERTED into 'projects'
2025-11-30 11:30:32,184 [INFO] Project 183233 -> INSERTED into 'projects'
2025-11-30 11:30:33,174 [INFO] Project 157575 -> INSERTED into 'projects'
2025-11-30 11:30:34,165 [INFO] Project 182228 -> INSERTED into 'projects'
2025-11-30 11:30:35,154 [INFO] Project 183250 -> INSERTED into 'projects'
2025-11-30 11:30:36,157 [INFO] Project 182274 -> INSERTED into 'projects'
2025-11-30 11:30:37,152 [INFO] Project 182840 -> INSERTED into 'projects'
2025-11-30 11:30:37,936 [INFO] Project 182853 -> INSERTED into 'projects'
2025-11-30 11:30:37,743 [INFO] Project 182837 -> INSERTED into 'projects'
2025-11-30 11:30:38,717 [INFO] Project 182843 -> INSERTED into 'projects'
2025-11-30 11:30:39,705 [INFO] Project 182856 -> INSERTED into 'projects'
2025-11-30 11:30:40,527 [INFO] Project 182846 -> INSERTED into 'projects'
2025-11-30 11:30:41,328 [INFO] Project 182852 -> INSERTED into 'projects'
2025-11-30 11:30:42,309 [INFO] Project 182849 -> INSERTED into 'projects'
2025-11-30 11:30:43,113 [INFO] Project 182851 -> INSERTED into 'projects'
2025-11-30 11:30:43,917 [INFO] Project 182854 -> INSERTED into 'projects'
2025-11-30 11:30:44,934 [INFO] Project 182836 -> INSERTED into 'projects'
2025-11-30 11:30:45,919 [INFO] Project 182855 -> INSERTED into 'projects'
2025-11-30 11:30:46,905 [INFO] Project 182850 -> INSERTED into 'projects'
2025-11-30 11:30:47,914 [INFO] Project 182847 -> INSERTED into 'projects'
2025-11-30 11:30:48,896 [INFO] Project 182858 -> INSERTED into 'projects'
2025-11-30 11:30:49,862 [INFO] Project 182859 -> INSERTED into 'projects'
2025-11-30 11:30:50,659 [INFO] Project 182838 -> INSERTED into 'projects'
2025-11-30 11:30:51,475 [INFO] Project 182844 -> INSERTED into 'projects'
2025-11-30 11:30:52,269 [INFO] Project 182839 -> INSERTED into 'projects'
2025-11-30 11:30:53,057 [INFO] Project 182848 -> INSERTED into 'projects'
2025-11-30 11:30:53,863 [INFO] Project 182841 -> INSERTED into 'projects'
2025-11-30 11:30:54,669 [INFO] Project 182842 -> INSERTED into 'projects'
2025-11-30 11:30:55,658 [INFO] Project 182857 -> INSERTED into 'projects'
2025-11-30 11:30:56,441 [INFO] Project 182845 -> INSERTED into 'projects'
2025-11-30 11:30:57,263 [INFO] Project 182835 -> INSERTED into 'projects'
2025-11-30 11:30:58,244 [INFO] Project 157887 -> INSERTED into 'projects'
2025-11-30 11:30:59,040 [INFO] Project 158410 -> INSERTED into 'projects'
2025-11-30 11:31:00,017 [INFO] Project 158426 -> INSERTED into 'projects'
2025-11-30 11:31:01,030 [INFO] Project 93182 -> INSERTED into 'projects'
2025-11-30 11:31:02,026 [INFO] Project 93162 -> INSERTED into 'projects'
2025-11-30 11:31:03,032 [INFO] Project 93167 -> INSERTED into 'projects'
2025-11-30 11:31:03,833 [INFO] Project 97130 -> INSERTED into 'projects'
2025-11-30 11:31:04,820 [INFO] Project 93177 -> INSERTED into 'projects'
2025-11-30 11:31:05,626 [INFO] Project 157886 -> INSERTED into 'projects'
2025-11-30 11:31:06,593 [INFO] Project 158424 -> INSERTED into 'projects'
2025-11-30 11:31:07,574 [INFO] Project 106834 -> INSERTED into 'projects'
2025-11-30 11:31:08,553 [INFO] Project 106823 -> INSERTED into 'projects'
2025-11-30 11:31:09,341 [INFO] Project 106832 -> INSERTED into 'projects'
2025-11-30 11:31:09,173 [INFO] Project 106810 -> INSERTED into 'projects'
2025-11-30 11:31:10,178 [INFO] Project 88596 -> INSERTED into 'projects'
2025-11-30 11:31:10,982 [INFO] Project 183422 -> INSERTED into 'projects'
2025-11-30 11:31:12,007 [INFO] Project 147003 -> INSERTED into 'projects'
2025-11-30 11:31:13,048 [INFO] Project 95529 -> INSERTED into 'projects'
2025-11-30 11:31:13,845 [INFO] Project 156329 -> INSERTED into 'projects'
2025-11-30 11:31:14,822 [INFO] Project 156318 -> INSERTED into 'projects'
2025-11-30 11:31:15,822 [INFO] Project 118384 -> INSERTED into 'projects'
2025-11-30 11:31:16,635 [INFO] Project 118273 -> INSERTED into 'projects'
2025-11-30 11:31:17,437 [INFO] Project 118476 -> INSERTED into 'projects'
2025-11-30 11:31:18,223 [INFO] Project 118475 -> INSERTED into 'projects'
2025-11-30 11:31:19,208 [INFO] Project 118300 -> INSERTED into 'projects'
2025-11-30 11:31:20,002 [INFO] Project 158563 -> INSERTED into 'projects'
2025-11-30 11:31:20,999 [INFO] Project 158596 -> INSERTED into 'projects'
2025-11-30 11:31:21,803 [INFO] Project 154847 -> INSERTED into 'projects'
2025-11-30 11:31:22,599 [INFO] Project 155359 -> INSERTED into 'projects'
2025-11-30 11:31:23,385 [INFO] Project 155364 -> INSERTED into 'projects'
2025-11-30 11:31:24,370 [INFO] Project 155363 -> INSERTED into 'projects'
2025-11-30 11:31:25,174 [INFO] Project 155360 -> INSERTED into 'projects'
2025-11-30 11:31:26,143 [INFO] Project 154599 -> INSERTED into 'projects'
2025-11-30 11:31:27,134 [INFO] Project 91649 -> INSERTED into 'projects'
2025-11-30 11:31:28,132 [INFO] Project 145001 -> INSERTED into 'projects'
2025-11-30 11:31:29,127 [INFO] Project 93156 -> INSERTED into 'projects'
2025-11-30 11:31:29,913 [INFO] Project 182790 -> INSERTED into 'projects'
2025-11-30 11:31:30,720 [INFO] Project 158408 -> INSERTED into 'projects'
2025-11-30 11:31:31,687 [INFO] Project 158752 -> INSERTED into 'projects'
2025-11-30 11:31:32,669 [INFO] Project 158102 -> INSERTED into 'projects'
2025-11-30 11:31:33,484 [INFO] Project 158428 -> INSERTED into 'projects'
2025-11-30 11:31:34,481 [INFO] Project 158375 -> INSERTED into 'projects'
2025-11-30 11:31:35,448 [INFO] Project 158546 -> INSERTED into 'projects'
2025-11-30 11:31:36,231 [INFO] Project 158063 -> INSERTED into 'projects'
2025-11-30 11:31:37,223 [INFO] Project 158340 -> INSERTED into 'projects'
2025-11-30 11:31:38,013 [INFO] Project 158542 -> INSERTED into 'projects'
2025-11-30 11:31:38,997 [INFO] Project 158504 -> INSERTED into 'projects'
2025-11-30 11:31:39,981 [INFO] Project 158711 -> INSERTED into 'projects'
2025-11-30 11:31:40,948 [INFO] Project 158206 -> INSERTED into 'projects'
2025-11-30 11:31:40,935 [INFO] Project 158666 -> INSERTED into 'projects'
2025-11-30 11:31:41,744 [INFO] Project 158741 -> INSERTED into 'projects'
2025-11-30 11:31:42,719 [INFO] Project 158644 -> INSERTED into 'projects'
2025-11-30 11:31:43,513 [INFO] Project 158231 -> INSERTED into 'projects'
2025-11-30 11:31:44,324 [INFO] Project 158370 -> INSERTED into 'projects'
2025-11-30 11:31:45,303 [INFO] Project 158702 -> INSERTED into 'projects'
2025-11-30 11:31:46,091 [INFO] Project 158490 -> INSERTED into 'projects'
2025-11-30 11:31:46,885 [INFO] Project 158192 -> INSERTED into 'projects'
2025-11-30 11:31:47,695 [INFO] Project 158507 -> INSERTED into 'projects'
2025-11-30 11:31:48,495 [INFO] Project 158499 -> INSERTED into 'projects'
2025-11-30 11:31:49,297 [INFO] Project 158756 -> INSERTED into 'projects'
2025-11-30 11:31:50,097 [INFO] Project 158368 -> INSERTED into 'projects'
2025-11-30 11:31:50,911 [INFO] Project 158489 -> INSERTED into 'projects'
2025-11-30 11:31:51,707 [INFO] Project 158124 -> INSERTED into 'projects'
2025-11-30 11:31:52,672 [INFO] Project 158514 -> INSERTED into 'projects'
2025-11-30 11:31:53,667 [INFO] Project 158228 -> INSERTED into 'projects'
2025-11-30 11:31:54,474 [INFO] Project 158429 -> INSERTED into 'projects'
2025-11-30 11:31:55,459 [INFO] Project 158068 -> INSERTED into 'projects'
2025-11-30 11:31:56,441 [INFO] Project 158209 -> INSERTED into 'projects'
2025-11-30 11:31:57,430 [INFO] Project 158513 -> INSERTED into 'projects'
2025-11-30 11:31:58,214 [INFO] Project 158181 -> INSERTED into 'projects'
2025-11-30 11:31:59,013 [INFO] Project 158411 -> INSERTED into 'projects'
2025-11-30 11:32:00,014 [INFO] Project 8577 -> INSERTED into 'projects'
2025-11-30 11:32:01,012 [INFO] Project 89426 -> INSERTED into 'projects'
2025-11-30 11:32:01,790 [INFO] Project 183294 -> INSERTED into 'projects'
2025-11-30 11:32:02,783 [INFO] Project 117238 -> INSERTED into 'projects'
2025-11-30 11:32:03,783 [INFO] Project 157615 -> INSERTED into 'projects'
2025-11-30 11:32:04,772 [INFO] Project 157601 -> INSERTED into 'projects'
2025-11-30 11:32:05,778 [INFO] Project 117240 -> INSERTED into 'projects'
2025-11-30 11:32:06,750 [INFO] Project 117245 -> INSERTED into 'projects'
2025-11-30 11:32:07,736 [INFO] Project 157544 -> INSERTED into 'projects'
2025-11-30 11:32:08,761 [INFO] Project 157538 -> INSERTED into 'projects'
2025-11-30 11:32:09,748 [INFO] Project 116096 -> INSERTED into 'projects'
2025-11-30 11:32:10,534 [INFO] Project 183287 -> INSERTED into 'projects'
2025-11-30 11:32:11,526 [INFO] Project 117201 -> INSERTED into 'projects'
2025-11-30 11:32:11,540 [INFO] Project 117485 -> INSERTED into 'projects'
2025-11-30 11:32:12,333 [INFO] Project 183275 -> INSERTED into 'projects'
2025-11-30 11:32:13,139 [INFO] Project 97153 -> INSERTED into 'projects'
2025-11-30 11:32:14,124 [INFO] Project 117190 -> INSERTED into 'projects'
2025-11-30 11:32:15,095 [INFO] Project 117200 -> INSERTED into 'projects'
2025-11-30 11:32:16,077 [INFO] Project 157605 -> INSERTED into 'projects'
2025-11-30 11:32:17,058 [INFO] Project 157600 -> INSERTED into 'projects'
2025-11-30 11:32:18,054 [INFO] Project 117271 -> INSERTED into 'projects'
2025-11-30 11:32:19,056 [INFO] Project 117273 -> INSERTED into 'projects'
2025-11-30 11:32:20,039 [INFO] Project 145087 -> INSERTED into 'projects'
2025-11-30 11:32:21,010 [INFO] Project 157603 -> INSERTED into 'projects'
2025-11-30 11:32:21,993 [INFO] Project 157550 -> INSERTED into 'projects'
2025-11-30 11:32:23,005 [INFO] Project 117306 -> INSERTED into 'projects'
2025-11-30 11:32:23,987 [INFO] Project 117286 -> INSERTED into 'projects'
2025-11-30 11:32:24,995 [INFO] Project 116134 -> INSERTED into 'projects'
2025-11-30 11:32:25,812 [INFO] Project 183298 -> INSERTED into 'projects'
2025-11-30 11:32:26,592 [INFO] Project 183295 -> INSERTED into 'projects'
2025-11-30 11:32:27,570 [INFO] Project 117221 -> INSERTED into 'projects'
2025-11-30 11:32:28,573 [INFO] Project 157546 -> INSERTED into 'projects'
2025-11-30 11:32:29,566 [INFO] Project 157542 -> INSERTED into 'projects'
2025-11-30 11:32:30,562 [INFO] Project 117208 -> INSERTED into 'projects'
2025-11-30 11:32:31,565 [INFO] Project 117307 -> INSERTED into 'projects'
2025-11-30 11:32:32,563 [INFO] Project 117230 -> INSERTED into 'projects'
2025-11-30 11:32:33,551 [INFO] Project 97185 -> INSERTED into 'projects'
2025-11-30 11:32:34,543 [INFO] Project 97154 -> INSERTED into 'projects'
2025-11-30 11:32:35,523 [INFO] Project 117279 -> INSERTED into 'projects'
2025-11-30 11:32:36,532 [INFO] Project 117185 -> INSERTED into 'projects'
2025-11-30 11:32:37,531 [INFO] Project 157586 -> INSERTED into 'projects'
2025-11-30 11:32:38,545 [INFO] Project 117226 -> INSERTED into 'projects'
2025-11-30 11:32:39,550 [INFO] Project 157606 -> INSERTED into 'projects'
2025-11-30 11:32:40,524 [INFO] Project 116135 -> INSERTED into 'projects'
2025-11-30 11:32:41,509 [INFO] Project 157559 -> INSERTED into 'projects'
2025-11-30 11:32:42,514 [INFO] Project 97178 -> INSERTED into 'projects'
2025-11-30 11:32:43,532 [INFO] Project 117276 -> INSERTED into 'projects'
2025-11-30 11:32:43,514 [INFO] Project 157590 -> INSERTED into 'projects'
2025-11-30 11:32:44,508 [INFO] Project 116101 -> INSERTED into 'projects'
2025-11-30 11:32:45,495 [INFO] Project 157617 -> INSERTED into 'projects'
2025-11-30 11:32:46,484 [INFO] Project 117320 -> INSERTED into 'projects'
2025-11-30 11:32:47,474 [INFO] Project 157534 -> INSERTED into 'projects'
2025-11-30 11:32:48,442 [INFO] Project 183297 -> INSERTED into 'projects'
2025-11-30 11:32:49,580 [INFO] Project 117187 -> INSERTED into 'projects'
2025-11-30 11:32:50,617 [INFO] Project 117487 -> INSERTED into 'projects'
2025-11-30 11:32:51,604 [INFO] Project 145081 -> INSERTED into 'projects'
2025-11-30 11:32:52,387 [INFO] Project 183273 -> INSERTED into 'projects'
2025-11-30 11:32:53,184 [INFO] Project 183303 -> INSERTED into 'projects'
2025-11-30 11:32:54,178 [INFO] Project 117287 -> INSERTED into 'projects'
2025-11-30 11:32:55,210 [INFO] Project 157562 -> INSERTED into 'projects'
2025-11-30 11:32:56,205 [INFO] Project 157584 -> INSERTED into 'projects'
2025-11-30 11:32:57,212 [INFO] Project 117244 -> INSERTED into 'projects'
2025-11-30 11:32:58,030 [INFO] Project 157602 -> INSERTED into 'projects'
2025-11-30 11:32:59,003 [INFO] Project 157547 -> INSERTED into 'projects'
2025-11-30 11:32:59,972 [INFO] Project 157536 -> INSERTED into 'projects'
2025-11-30 11:33:01,008 [INFO] Project 157535 -> INSERTED into 'projects'
2025-11-30 11:33:02,015 [INFO] Project 117490 -> INSERTED into 'projects'
2025-11-30 11:33:03,006 [INFO] Project 157616 -> INSERTED into 'projects'
2025-11-30 11:33:03,994 [INFO] Project 157583 -> INSERTED into 'projects'
2025-11-30 11:33:04,988 [INFO] Project 157541 -> INSERTED into 'projects'
2025-11-30 11:33:06,016 [INFO] Project 157564 -> INSERTED into 'projects'
2025-11-30 11:33:07,012 [INFO] Project 117296 -> INSERTED into 'projects'
2025-11-30 11:33:08,002 [INFO] Project 97151 -> INSERTED into 'projects'
2025-11-30 11:33:08,990 [INFO] Project 117186 -> INSERTED into 'projects'
2025-11-30 11:33:09,976 [INFO] Project 157591 -> INSERTED into 'projects'
2025-11-30 11:33:10,986 [INFO] Project 117497 -> INSERTED into 'projects'
2025-11-30 11:33:11,982 [INFO] Project 117256 -> INSERTED into 'projects'
2025-11-30 11:33:12,961 [INFO] Project 117189 -> INSERTED into 'projects'
2025-11-30 11:33:13,755 [INFO] Project 183282 -> INSERTED into 'projects'
2025-11-30 11:33:14,777 [INFO] Project 157558 -> INSERTED into 'projects'
2025-11-30 11:33:14,553 [INFO] Project 183288 -> INSERTED into 'projects'
2025-11-30 11:33:15,575 [INFO] Project 157560 -> INSERTED into 'projects'
2025-11-30 11:33:16,586 [INFO] Project 97155 -> INSERTED into 'projects'
2025-11-30 11:33:17,571 [INFO] Project 157592 -> INSERTED into 'projects'
2025-11-30 11:33:18,551 [INFO] Project 157561 -> INSERTED into 'projects'
2025-11-30 11:33:19,520 [INFO] Project 145086 -> INSERTED into 'projects'
2025-11-30 11:33:20,533 [INFO] Project 157548 -> INSERTED into 'projects'
2025-11-30 11:33:21,341 [INFO] Project 183291 -> INSERTED into 'projects'
2025-11-30 11:33:22,312 [INFO] Project 145089 -> INSERTED into 'projects'
2025-11-30 11:33:23,289 [INFO] Project 117204 -> INSERTED into 'projects'
2025-11-30 11:33:24,078 [INFO] Project 183289 -> INSERTED into 'projects'
2025-11-30 11:33:25,089 [INFO] Project 157557 -> INSERTED into 'projects'
2025-11-30 11:33:26,061 [INFO] Project 117482 -> INSERTED into 'projects'
2025-11-30 11:33:27,061 [INFO] Project 117281 -> INSERTED into 'projects'
2025-11-30 11:33:28,081 [INFO] Project 157553 -> INSERTED into 'projects'
2025-11-30 11:33:28,902 [INFO] Project 183290 -> INSERTED into 'projects'
2025-11-30 11:33:29,878 [INFO] Project 157588 -> INSERTED into 'projects'
2025-11-30 11:33:30,855 [INFO] Project 157593 -> INSERTED into 'projects'
2025-11-30 11:33:31,847 [INFO] Project 117251 -> INSERTED into 'projects'
2025-11-30 11:33:32,857 [INFO] Project 117313 -> INSERTED into 'projects'
2025-11-30 11:33:33,843 [INFO] Project 157537 -> INSERTED into 'projects'
2025-11-30 11:33:34,837 [INFO] Project 117195 -> INSERTED into 'projects'
2025-11-30 11:33:35,643 [INFO] Project 97159 -> INSERTED into 'projects'
2025-11-30 11:33:36,634 [INFO] Project 157582 -> INSERTED into 'projects'
2025-11-30 11:33:37,607 [INFO] Project 157555 -> INSERTED into 'projects'
2025-11-30 11:33:38,630 [INFO] Project 97152 -> INSERTED into 'projects'
2025-11-30 11:33:39,624 [INFO] Project 116102 -> INSERTED into 'projects'
2025-11-30 11:33:40,416 [INFO] Project 183306 -> INSERTED into 'projects'
2025-11-30 11:33:41,406 [INFO] Project 157589 -> INSERTED into 'projects'
2025-11-30 11:33:42,426 [INFO] Project 157580 -> INSERTED into 'projects'
2025-11-30 11:33:43,405 [INFO] Project 157585 -> INSERTED into 'projects'
2025-11-30 11:33:44,400 [INFO] Project 157539 -> INSERTED into 'projects'
2025-11-30 11:33:45,409 [INFO] Project 117302 -> INSERTED into 'projects'
2025-11-30 11:33:45,406 [INFO] Project 97148 -> INSERTED into 'projects'
2025-11-30 11:33:46,405 [INFO] Project 116086 -> INSERTED into 'projects'
2025-11-30 11:33:47,189 [INFO] Project 117197 -> INSERTED into 'projects'
2025-11-30 11:33:47,988 [INFO] Project 183305 -> INSERTED into 'projects'
2025-11-30 11:33:48,991 [INFO] Project 117173 -> INSERTED into 'projects'
2025-11-30 11:33:49,981 [INFO] Project 97186 -> INSERTED into 'projects'
2025-11-30 11:33:50,976 [INFO] Project 117178 -> INSERTED into 'projects'
2025-11-30 11:33:51,985 [INFO] Project 117489 -> INSERTED into 'projects'
2025-11-30 11:33:52,975 [INFO] Project 157540 -> INSERTED into 'projects'
2025-11-30 11:33:53,946 [INFO] Project 117318 -> INSERTED into 'projects'
2025-11-30 11:33:54,925 [INFO] Project 117486 -> INSERTED into 'projects'
2025-11-30 11:33:55,755 [INFO] Project 183304 -> INSERTED into 'projects'
2025-11-30 11:33:56,747 [INFO] Project 117297 -> INSERTED into 'projects'
2025-11-30 11:33:57,730 [INFO] Project 157551 -> INSERTED into 'projects'
2025-11-30 11:33:58,733 [INFO] Project 157587 -> INSERTED into 'projects'
2025-11-30 11:33:59,727 [INFO] Project 117199 -> INSERTED into 'projects'
2025-11-30 11:34:00,705 [INFO] Project 117280 -> INSERTED into 'projects'
2025-11-30 11:34:01,715 [INFO] Project 116081 -> INSERTED into 'projects'
2025-11-30 11:34:02,731 [INFO] Project 157581 -> INSERTED into 'projects'
2025-11-30 11:34:03,764 [INFO] Project 116068 -> INSERTED into 'projects'
2025-11-30 11:34:04,737 [INFO] Project 157543 -> INSERTED into 'projects'
2025-11-30 11:34:05,704 [INFO] Project 157554 -> INSERTED into 'projects'
2025-11-30 11:34:06,686 [INFO] Project 117242 -> INSERTED into 'projects'
2025-11-30 11:34:07,708 [INFO] Project 117269 -> INSERTED into 'projects'
2025-11-30 11:34:08,703 [INFO] Project 157570 -> INSERTED into 'projects'
2025-11-30 11:34:09,684 [INFO] Project 117300 -> INSERTED into 'projects'
2025-11-30 11:34:10,673 [INFO] Project 97173 -> INSERTED into 'projects'
2025-11-30 11:34:11,656 [INFO] Project 145082 -> INSERTED into 'projects'
2025-11-30 11:34:12,446 [INFO] Project 157545 -> INSERTED into 'projects'
2025-11-30 11:34:13,458 [INFO] Project 117263 -> INSERTED into 'projects'
2025-11-30 11:34:14,471 [INFO] Project 117299 -> INSERTED into 'projects'
2025-11-30 11:34:15,285 [INFO] Project 88485 -> INSERTED into 'projects'
2025-11-30 11:34:16,285 [INFO] Project 117321 -> INSERTED into 'projects'
2025-11-30 11:34:17,060 [INFO] Project 157490 -> INSERTED into 'projects'
2025-11-30 11:34:16,860 [INFO] Project 157491 -> INSERTED into 'projects'
2025-11-30 11:34:17,663 [INFO] Project 157500 -> INSERTED into 'projects'
2025-11-30 11:34:18,648 [INFO] Project 90948 -> INSERTED into 'projects'
2025-11-30 11:34:19,636 [INFO] Project 145040 -> INSERTED into 'projects'
2025-11-30 11:34:20,636 [INFO] Project 96494 -> INSERTED into 'projects'
2025-11-30 11:34:21,618 [INFO] Project 91997 -> INSERTED into 'projects'
2025-11-30 11:34:22,611 [INFO] Project 96493 -> INSERTED into 'projects'
2025-11-30 11:34:23,589 [INFO] Project 96940 -> INSERTED into 'projects'
2025-11-30 11:34:24,575 [INFO] Project 92765 -> INSERTED into 'projects'
2025-11-30 11:34:25,601 [INFO] Project 71896 -> INSERTED into 'projects'
2025-11-30 11:34:26,608 [INFO] Project 94341 -> INSERTED into 'projects'
2025-11-30 11:34:27,589 [INFO] Project 92781 -> INSERTED into 'projects'
2025-11-30 11:34:28,388 [INFO] Project 157508 -> INSERTED into 'projects'
2025-11-30 11:34:29,190 [INFO] Project 23642 -> INSERTED into 'projects'
2025-11-30 11:34:30,193 [INFO] Project 117177 -> INSERTED into 'projects'
2025-11-30 11:34:31,178 [INFO] Project 94281 -> INSERTED into 'projects'
2025-11-30 11:34:32,159 [INFO] Project 97126 -> INSERTED into 'projects'
2025-11-30 11:34:32,961 [INFO] Project 91893 -> INSERTED into 'projects'
2025-11-30 11:34:33,776 [INFO] Project 157488 -> INSERTED into 'projects'
2025-11-30 11:34:34,759 [INFO] Project 117214 -> INSERTED into 'projects'
2025-11-30 11:34:35,728 [INFO] Project 71919 -> INSERTED into 'projects'
2025-11-30 11:34:36,717 [INFO] Project 71900 -> INSERTED into 'projects'
2025-11-30 11:34:37,696 [INFO] Project 96937 -> INSERTED into 'projects'
2025-11-30 11:34:38,681 [INFO] Project 72050 -> INSERTED into 'projects'
2025-11-30 11:34:39,673 [INFO] Project 96939 -> INSERTED into 'projects'
2025-11-30 11:34:40,662 [INFO] Project 92132 -> INSERTED into 'projects'
2025-11-30 11:34:41,643 [INFO] Project 96933 -> INSERTED into 'projects'
2025-11-30 11:34:42,655 [INFO] Project 17470 -> INSERTED into 'projects'
2025-11-30 11:34:43,469 [INFO] Project 157526 -> INSERTED into 'projects'
2025-11-30 11:34:44,457 [INFO] Project 94899 -> INSERTED into 'projects'
2025-11-30 11:34:45,435 [INFO] Project 92252 -> INSERTED into 'projects'
2025-11-30 11:34:46,450 [INFO] Project 96302 -> INSERTED into 'projects'
2025-11-30 11:34:47,253 [INFO] Project 157498 -> INSERTED into 'projects'
2025-11-30 11:34:48,272 [INFO] Project 96931 -> INSERTED into 'projects'
2025-11-30 11:34:48,251 [INFO] Project 145047 -> INSERTED into 'projects'
2025-11-30 11:34:49,050 [INFO] Project 157523 -> INSERTED into 'projects'
2025-11-30 11:34:49,847 [INFO] Project 23811 -> INSERTED into 'projects'
2025-11-30 11:34:50,654 [INFO] Project 116084 -> INSERTED into 'projects'
2025-11-30 11:34:51,451 [INFO] Project 157496 -> INSERTED into 'projects'
2025-11-30 11:34:52,423 [INFO] Project 96370 -> INSERTED into 'projects'
2025-11-30 11:34:53,409 [INFO] Project 92779 -> INSERTED into 'projects'
2025-11-30 11:34:54,409 [INFO] Project 91937 -> INSERTED into 'projects'
2025-11-30 11:34:55,413 [INFO] Project 71987 -> INSERTED into 'projects'
2025-11-30 11:34:56,201 [INFO] Project 157493 -> INSERTED into 'projects'
2025-11-30 11:34:57,186 [INFO] Project 91986 -> INSERTED into 'projects'
2025-11-30 11:34:58,181 [INFO] Project 96506 -> INSERTED into 'projects'
2025-11-30 11:34:59,179 [INFO] Project 117292 -> INSERTED into 'projects'
2025-11-30 11:35:00,177 [INFO] Project 97171 -> INSERTED into 'projects'
2025-11-30 11:35:00,984 [INFO] Project 116132 -> INSERTED into 'projects'
2025-11-30 11:35:01,782 [INFO] Project 157519 -> INSERTED into 'projects'
2025-11-30 11:35:02,570 [INFO] Project 34767 -> INSERTED into 'projects'
2025-11-30 11:35:03,563 [INFO] Project 96942 -> INSERTED into 'projects'
2025-11-30 11:35:04,577 [INFO] Project 157598 -> INSERTED into 'projects'
2025-11-30 11:35:05,380 [INFO] Project 116129 -> INSERTED into 'projects'
2025-11-30 11:35:06,399 [INFO] Project 95778 -> INSERTED into 'projects'
2025-11-30 11:35:07,392 [INFO] Project 91917 -> INSERTED into 'projects'
2025-11-30 11:35:08,381 [INFO] Project 91932 -> INSERTED into 'projects'
2025-11-30 11:35:09,386 [INFO] Project 79636 -> INSERTED into 'projects'
2025-11-30 11:35:10,375 [INFO] Project 92782 -> INSERTED into 'projects'
2025-11-30 11:35:11,358 [INFO] Project 94310 -> INSERTED into 'projects'
2025-11-30 11:35:12,519 [INFO] Project 145035 -> INSERTED into 'projects'
2025-11-30 11:35:13,522 [INFO] Project 116133 -> INSERTED into 'projects'
2025-11-30 11:35:14,538 [INFO] Project 96409 -> INSERTED into 'projects'
2025-11-30 11:35:15,331 [INFO] Project 157503 -> INSERTED into 'projects'
2025-11-30 11:35:16,341 [INFO] Project 145078 -> INSERTED into 'projects'
2025-11-30 11:35:17,146 [INFO] Project 92232 -> INSERTED into 'projects'
2025-11-30 11:35:17,938 [INFO] Project 117294 -> INSERTED into 'projects'
2025-11-30 11:35:18,726 [INFO] Project 92298 -> INSERTED into 'projects'
2025-11-30 11:35:19,713 [INFO] Project 92778 -> INSERTED into 'projects'
2025-11-30 11:35:19,722 [INFO] Project 96401 -> INSERTED into 'projects'
2025-11-30 11:35:20,736 [INFO] Project 117243 -> INSERTED into 'projects'
2025-11-30 11:35:21,731 [INFO] Project 117179 -> INSERTED into 'projects'
2025-11-30 11:35:22,534 [INFO] Project 88493 -> INSERTED into 'projects'
2025-11-30 11:35:23,340 [INFO] Project 94898 -> INSERTED into 'projects'
2025-11-30 11:35:24,334 [INFO] Project 97127 -> INSERTED into 'projects'
2025-11-30 11:35:25,326 [INFO] Project 92791 -> INSERTED into 'projects'
2025-11-30 11:35:26,296 [INFO] Project 90949 -> INSERTED into 'projects'
2025-11-30 11:35:27,302 [INFO] Project 96396 -> INSERTED into 'projects'
2025-11-30 11:35:28,310 [INFO] Project 92770 -> INSERTED into 'projects'
2025-11-30 11:35:29,285 [INFO] Project 117152 -> INSERTED into 'projects'
2025-11-30 11:35:30,063 [INFO] Project 157507 -> INSERTED into 'projects'
2025-11-30 11:35:31,053 [INFO] Project 95128 -> INSERTED into 'projects'
2025-11-30 11:35:32,066 [INFO] Project 96296 -> INSERTED into 'projects'
2025-11-30 11:35:32,888 [INFO] Project 157521 -> INSERTED into 'projects'
2025-11-30 11:35:33,689 [INFO] Project 157489 -> INSERTED into 'projects'
2025-11-30 11:35:34,681 [INFO] Project 96929 -> INSERTED into 'projects'
2025-11-30 11:35:35,664 [INFO] Project 157482 -> INSERTED into 'projects'
2025-11-30 11:35:36,675 [INFO] Project 96411 -> INSERTED into 'projects'
2025-11-30 11:35:37,684 [INFO] Project 96313 -> INSERTED into 'projects'
2025-11-30 11:35:38,657 [INFO] Project 117205 -> INSERTED into 'projects'
2025-11-30 11:35:39,642 [INFO] Project 94315 -> INSERTED into 'projects'
2025-11-30 11:35:40,462 [INFO] Project 92761 -> INSERTED into 'projects'
2025-11-30 11:35:41,457 [INFO] Project 117202 -> INSERTED into 'projects'
2025-11-30 11:35:42,266 [INFO] Project 92664 -> INSERTED into 'projects'
2025-11-30 11:35:43,277 [INFO] Project 90957 -> INSERTED into 'projects'
2025-11-30 11:35:44,279 [INFO] Project 71951 -> INSERTED into 'projects'
2025-11-30 11:35:45,289 [INFO] Project 94324 -> INSERTED into 'projects'
2025-11-30 11:35:46,090 [INFO] Project 116128 -> INSERTED into 'projects'
2025-11-30 11:35:47,087 [INFO] Project 117239 -> INSERTED into 'projects'
2025-11-30 11:35:48,071 [INFO] Project 91919 -> INSERTED into 'projects'
2025-11-30 11:35:48,885 [INFO] Project 157486 -> INSERTED into 'projects'
2025-11-30 11:35:49,877 [INFO] Project 94348 -> INSERTED into 'projects'
2025-11-30 11:35:50,856 [INFO] Project 96938 -> INSERTED into 'projects'
2025-11-30 11:35:50,825 [INFO] Project 92764 -> INSERTED into 'projects'
2025-11-30 11:35:51,829 [INFO] Project 116075 -> INSERTED into 'projects'
2025-11-30 11:35:52,642 [INFO] Project 117211 -> INSERTED into 'projects'
2025-11-30 11:35:53,627 [INFO] Project 91935 -> INSERTED into 'projects'
2025-11-30 11:35:54,606 [INFO] Project 116072 -> INSERTED into 'projects'
2025-11-30 11:35:55,615 [INFO] Project 17500 -> INSERTED into 'projects'
2025-11-30 11:35:56,631 [INFO] Project 23435 -> INSERTED into 'projects'
2025-11-30 11:35:57,627 [INFO] Project 92760 -> INSERTED into 'projects'
2025-11-30 11:35:58,432 [INFO] Project 92669 -> INSERTED into 'projects'
2025-11-30 11:35:59,439 [INFO] Project 117198 -> INSERTED into 'projects'
2025-11-30 11:36:00,452 [INFO] Project 96944 -> INSERTED into 'projects'
2025-11-30 11:36:01,432 [INFO] Project 94338 -> INSERTED into 'projects'
2025-11-30 11:36:02,235 [INFO] Project 96924 -> INSERTED into 'projects'
2025-11-30 11:36:03,054 [INFO] Project 92297 -> INSERTED into 'projects'
2025-11-30 11:36:04,056 [INFO] Project 145046 -> INSERTED into 'projects'
2025-11-30 11:36:05,032 [INFO] Project 145041 -> INSERTED into 'projects'
2025-11-30 11:36:06,044 [INFO] Project 116094 -> INSERTED into 'projects'
2025-11-30 11:36:07,042 [INFO] Project 94396 -> INSERTED into 'projects'
2025-11-30 11:36:08,046 [INFO] Project 96402 -> INSERTED into 'projects'
2025-11-30 11:36:09,050 [INFO] Project 92795 -> INSERTED into 'projects'
2025-11-30 11:36:09,870 [INFO] Project 157495 -> INSERTED into 'projects'
2025-11-30 11:36:10,886 [INFO] Project 91952 -> INSERTED into 'projects'
2025-11-30 11:36:11,858 [INFO] Project 96397 -> INSERTED into 'projects'
2025-11-30 11:36:12,842 [INFO] Project 92789 -> INSERTED into 'projects'
2025-11-30 11:36:13,832 [INFO] Project 92788 -> INSERTED into 'projects'
2025-11-30 11:36:14,839 [INFO] Project 96946 -> INSERTED into 'projects'
2025-11-30 11:36:15,844 [INFO] Project 117196 -> INSERTED into 'projects'
2025-11-30 11:36:16,815 [INFO] Project 91965 -> INSERTED into 'projects'
2025-11-30 11:36:17,799 [INFO] Project 94283 -> INSERTED into 'projects'
2025-11-30 11:36:18,800 [INFO] Project 91949 -> INSERTED into 'projects'
2025-11-30 11:36:19,598 [INFO] Project 92792 -> INSERTED into 'projects'
2025-11-30 11:36:20,602 [INFO] Project 92774 -> INSERTED into 'projects'
2025-11-30 11:36:21,608 [INFO] Project 72049 -> INSERTED into 'projects'
2025-11-30 11:36:21,605 [INFO] Project 157604 -> INSERTED into 'projects'
2025-11-30 11:36:22,580 [INFO] Project 117229 -> INSERTED into 'projects'
2025-11-30 11:36:23,570 [INFO] Project 96403 -> INSERTED into 'projects'
2025-11-30 11:36:24,564 [INFO] Project 96400 -> INSERTED into 'projects'
2025-11-30 11:36:25,563 [INFO] Project 71958 -> INSERTED into 'projects'
2025-11-30 11:36:26,367 [INFO] Project 92286 -> INSERTED into 'projects'
2025-11-30 11:36:27,177 [INFO] Project 96309 -> INSERTED into 'projects'
2025-11-30 11:36:27,986 [INFO] Project 92002 -> INSERTED into 'projects'
2025-11-30 11:36:28,975 [INFO] Project 92796 -> INSERTED into 'projects'
2025-11-30 11:36:29,962 [INFO] Project 96404 -> INSERTED into 'projects'
2025-11-30 11:36:30,973 [INFO] Project 91987 -> INSERTED into 'projects'
2025-11-30 11:36:31,752 [INFO] Project 157484 -> INSERTED into 'projects'
2025-11-30 11:36:32,560 [INFO] Project 92786 -> INSERTED into 'projects'
2025-11-30 11:36:33,546 [INFO] Project 96936 -> INSERTED into 'projects'
2025-11-30 11:36:34,571 [INFO] Project 145076 -> INSERTED into 'projects'
2025-11-30 11:36:35,560 [INFO] Project 91936 -> INSERTED into 'projects'
2025-11-30 11:36:36,351 [INFO] Project 157517 -> INSERTED into 'projects'
2025-11-30 11:36:37,339 [INFO] Project 92029 -> INSERTED into 'projects'
2025-11-30 11:36:38,333 [INFO] Project 94343 -> INSERTED into 'projects'
2025-11-30 11:36:39,325 [INFO] Project 94313 -> INSERTED into 'projects'
2025-11-30 11:36:40,332 [INFO] Project 117275 -> INSERTED into 'projects'
2025-11-30 11:36:41,138 [INFO] Project 88246 -> INSERTED into 'projects'
2025-11-30 11:36:42,123 [INFO] Project 91933 -> INSERTED into 'projects'
2025-11-30 11:36:43,132 [INFO] Project 91927 -> INSERTED into 'projects'
2025-11-30 11:36:43,937 [INFO] Project 88338 -> INSERTED into 'projects'
2025-11-30 11:36:44,927 [INFO] Project 117250 -> INSERTED into 'projects'
2025-11-30 11:36:45,917 [INFO] Project 72019 -> INSERTED into 'projects'
2025-11-30 11:36:46,913 [INFO] Project 94327 -> INSERTED into 'projects'
2025-11-30 11:36:47,893 [INFO] Project 157485 -> INSERTED into 'projects'
2025-11-30 11:36:48,684 [INFO] Project 157487 -> INSERTED into 'projects'
2025-11-30 11:36:49,669 [INFO] Project 145042 -> INSERTED into 'projects'
2025-11-30 11:36:50,672 [INFO] Project 96492 -> INSERTED into 'projects'
2025-11-30 11:36:51,473 [INFO] Project 157494 -> INSERTED into 'projects'
2025-11-30 11:36:52,466 [INFO] Project 117176 -> INSERTED into 'projects'
2025-11-30 11:36:53,264 [INFO] Project 40857 -> INSERTED into 'projects'
2025-11-30 11:36:53,272 [INFO] Project 15873 -> INSERTED into 'projects'
2025-11-30 11:36:54,086 [INFO] Project 88626 -> INSERTED into 'projects'
2025-11-30 11:36:54,899 [INFO] Project 88439 -> INSERTED into 'projects'
2025-11-30 11:36:55,873 [INFO] Project 91970 -> INSERTED into 'projects'
2025-11-30 11:36:56,861 [INFO] Project 15099 -> INSERTED into 'projects'
2025-11-30 11:36:57,683 [INFO] Project 92758 -> INSERTED into 'projects'
2025-11-30 11:36:58,666 [INFO] Project 92670 -> INSERTED into 'projects'
2025-11-30 11:36:59,646 [INFO] Project 145045 -> INSERTED into 'projects'
2025-11-30 11:37:00,643 [INFO] Project 91984 -> INSERTED into 'projects'
2025-11-30 11:37:01,628 [INFO] Project 117255 -> INSERTED into 'projects'
2025-11-30 11:37:02,609 [INFO] Project 96301 -> INSERTED into 'projects'
2025-11-30 11:37:03,404 [INFO] Project 157506 -> INSERTED into 'projects'
2025-11-30 11:37:04,227 [INFO] Project 92773 -> INSERTED into 'projects'
2025-11-30 11:37:05,213 [INFO] Project 116076 -> INSERTED into 'projects'
2025-11-30 11:37:06,211 [INFO] Project 92794 -> INSERTED into 'projects'
2025-11-30 11:37:07,210 [INFO] Project 117291 -> INSERTED into 'projects'
2025-11-30 11:37:08,012 [INFO] Project 157520 -> INSERTED into 'projects'
2025-11-30 11:37:09,001 [INFO] Project 96930 -> INSERTED into 'projects'
2025-11-30 11:37:09,989 [INFO] Project 92665 -> INSERTED into 'projects'
2025-11-30 11:37:11,000 [INFO] Project 92772 -> INSERTED into 'projects'
2025-11-30 11:37:11,985 [INFO] Project 92033 -> INSERTED into 'projects'
2025-11-30 11:37:12,956 [INFO] Project 94296 -> INSERTED into 'projects'
2025-11-30 11:37:13,953 [INFO] Project 116097 -> INSERTED into 'projects'
2025-11-30 11:37:14,958 [INFO] Project 157173 -> INSERTED into 'projects'
2025-11-30 11:37:15,941 [INFO] Project 117218 -> INSERTED into 'projects'
2025-11-30 11:37:16,735 [INFO] Project 157522 -> INSERTED into 'projects'
2025-11-30 11:37:17,741 [INFO] Project 92668 -> INSERTED into 'projects'
2025-11-30 11:37:18,744 [INFO] Project 116098 -> INSERTED into 'projects'
2025-11-30 11:37:19,741 [INFO] Project 96371 -> INSERTED into 'projects'
2025-11-30 11:37:20,751 [INFO] Project 92254 -> INSERTED into 'projects'
2025-11-30 11:37:21,549 [INFO] Project 157483 -> INSERTED into 'projects'
2025-11-30 11:37:22,536 [INFO] Project 94280 -> INSERTED into 'projects'
2025-11-30 11:37:23,324 [INFO] Project 157512 -> INSERTED into 'projects'
2025-11-30 11:37:24,371 [INFO] Project 157172 -> INSERTED into 'projects'
2025-11-30 11:37:24,356 [INFO] Project 96365 -> INSERTED into 'projects'
2025-11-30 11:37:25,351 [INFO] Project 117182 -> INSERTED into 'projects'
2025-11-30 11:37:26,377 [INFO] Project 18758 -> INSERTED into 'projects'
2025-11-30 11:37:27,182 [INFO] Project 157524 -> INSERTED into 'projects'
2025-11-30 11:37:27,983 [INFO] Project 92671 -> INSERTED into 'projects'
2025-11-30 11:37:28,968 [INFO] Project 90953 -> INSERTED into 'projects'
2025-11-30 11:37:29,956 [INFO] Project 92785 -> INSERTED into 'projects'
2025-11-30 11:37:30,959 [INFO] Project 88607 -> INSERTED into 'projects'
2025-11-30 11:37:31,760 [INFO] Project 92663 -> INSERTED into 'projects'
2025-11-30 11:37:32,539 [INFO] Project 157511 -> INSERTED into 'projects'
2025-11-30 11:37:33,546 [INFO] Project 145043 -> INSERTED into 'projects'
2025-11-30 11:37:34,521 [INFO] Project 17477 -> INSERTED into 'projects'
2025-11-30 11:37:35,517 [INFO] Project 116071 -> INSERTED into 'projects'
2025-11-30 11:37:36,326 [INFO] Project 92227 -> INSERTED into 'projects'
2025-11-30 11:37:37,343 [INFO] Project 145039 -> INSERTED into 'projects'
2025-11-30 11:37:38,149 [INFO] Project 92914 -> INSERTED into 'projects'
2025-11-30 11:37:39,118 [INFO] Project 116092 -> INSERTED into 'projects'
2025-11-30 11:37:40,117 [INFO] Project 72063 -> INSERTED into 'projects'
2025-11-30 11:37:41,117 [INFO] Project 96399 -> INSERTED into 'projects'
2025-11-30 11:37:42,106 [INFO] Project 92776 -> INSERTED into 'projects'
2025-11-30 11:37:43,117 [INFO] Project 92771 -> INSERTED into 'projects'
2025-11-30 11:37:44,107 [INFO] Project 88594 -> INSERTED into 'projects'
2025-11-30 11:37:45,084 [INFO] Project 116073 -> INSERTED into 'projects'
2025-11-30 11:37:45,914 [INFO] Project 95779 -> INSERTED into 'projects'
2025-11-30 11:37:46,909 [INFO] Project 72034 -> INSERTED into 'projects'
2025-11-30 11:37:47,899 [INFO] Project 96525 -> INSERTED into 'projects'
2025-11-30 11:37:48,896 [INFO] Project 94304 -> INSERTED into 'projects'
2025-11-30 11:37:49,885 [INFO] Project 92224 -> INSERTED into 'projects'
2025-11-30 11:37:50,662 [INFO] Project 157510 -> INSERTED into 'projects'
2025-11-30 11:37:51,646 [INFO] Project 15096 -> INSERTED into 'projects'
2025-11-30 11:37:52,858 [INFO] Project 97124 -> INSERTED into 'projects'
2025-11-30 11:37:53,835 [INFO] Project 145048 -> INSERTED into 'projects'
2025-11-30 11:37:54,827 [INFO] Project 92793 -> INSERTED into 'projects'
2025-11-30 11:37:55,648 [INFO] Project 157515 -> INSERTED into 'projects'
2025-11-30 11:37:55,641 [INFO] Project 94322 -> INSERTED into 'projects'
2025-11-30 11:37:56,633 [INFO] Project 91904 -> INSERTED into 'projects'
2025-11-30 11:37:57,607 [INFO] Project 145044 -> INSERTED into 'projects'
2025-11-30 11:37:58,609 [INFO] Project 72010 -> INSERTED into 'projects'
2025-11-30 11:37:59,619 [INFO] Project 157596 -> INSERTED into 'projects'
2025-11-30 11:38:00,401 [INFO] Project 157513 -> INSERTED into 'projects'
2025-11-30 11:38:01,188 [INFO] Project 23829 -> INSERTED into 'projects'
2025-11-30 11:38:02,002 [INFO] Project 18604 -> INSERTED into 'projects'
2025-11-30 11:38:02,806 [INFO] Project 157492 -> INSERTED into 'projects'
2025-11-30 11:38:03,791 [INFO] Project 117288 -> INSERTED into 'projects'
2025-11-30 11:38:04,767 [INFO] Project 96412 -> INSERTED into 'projects'
2025-11-30 11:38:05,788 [INFO] Project 116082 -> INSERTED into 'projects'
2025-11-30 11:38:06,804 [INFO] Project 96398 -> INSERTED into 'projects'
2025-11-30 11:38:07,783 [INFO] Project 116083 -> INSERTED into 'projects'
2025-11-30 11:38:08,588 [INFO] Project 157497 -> INSERTED into 'projects'
2025-11-30 11:38:09,581 [INFO] Project 92768 -> INSERTED into 'projects'
2025-11-30 11:38:10,576 [INFO] Project 145075 -> INSERTED into 'projects'
2025-11-30 11:38:11,567 [INFO] Project 157597 -> INSERTED into 'projects'
2025-11-30 11:38:12,543 [INFO] Project 96928 -> INSERTED into 'projects'
2025-11-30 11:38:13,347 [INFO] Project 92672 -> INSERTED into 'projects'
2025-11-30 11:38:14,148 [INFO] Project 157504 -> INSERTED into 'projects'
2025-11-30 11:38:15,122 [INFO] Project 145074 -> INSERTED into 'projects'
2025-11-30 11:38:16,124 [INFO] Project 92251 -> INSERTED into 'projects'
2025-11-30 11:38:17,114 [INFO] Project 15097 -> INSERTED into 'projects'
2025-11-30 11:38:18,110 [INFO] Project 96503 -> INSERTED into 'projects'
2025-11-30 11:38:18,918 [INFO] Project 92777 -> INSERTED into 'projects'
2025-11-30 11:38:19,916 [INFO] Project 94319 -> INSERTED into 'projects'
2025-11-30 11:38:20,729 [INFO] Project 157502 -> INSERTED into 'projects'
2025-11-30 11:38:21,517 [INFO] Project 157505 -> INSERTED into 'projects'
2025-11-30 11:38:22,484 [INFO] Project 92784 -> INSERTED into 'projects'
2025-11-30 11:38:23,484 [INFO] Project 88455 -> INSERTED into 'projects'
2025-11-30 11:38:24,470 [INFO] Project 94397 -> INSERTED into 'projects'
2025-11-30 11:38:25,253 [INFO] Project 92666 -> INSERTED into 'projects'
2025-11-30 11:38:26,252 [INFO] Project 92780 -> INSERTED into 'projects'
2025-11-30 11:38:27,245 [INFO] Project 92775 -> INSERTED into 'projects'
2025-11-30 11:38:27,226 [INFO] Project 92762 -> INSERTED into 'projects'
2025-11-30 11:38:28,014 [INFO] Project 92673 -> INSERTED into 'projects'
2025-11-30 11:38:29,004 [INFO] Project 92211 -> INSERTED into 'projects'
2025-11-30 11:38:30,027 [INFO] Project 92216 -> INSERTED into 'projects'
2025-11-30 11:38:31,024 [INFO] Project 91951 -> INSERTED into 'projects'
2025-11-30 11:38:32,008 [INFO] Project 88348 -> INSERTED into 'projects'
2025-11-30 11:38:32,993 [INFO] Project 88374 -> INSERTED into 'projects'
2025-11-30 11:38:33,787 [INFO] Project 116131 -> INSERTED into 'projects'
2025-11-30 11:38:34,604 [INFO] Project 71967 -> INSERTED into 'projects'
2025-11-30 11:38:35,602 [INFO] Project 117188 -> INSERTED into 'projects'
2025-11-30 11:38:36,574 [INFO] Project 15091 -> INSERTED into 'projects'
2025-11-30 11:38:37,390 [INFO] Project 88520 -> INSERTED into 'projects'
2025-11-30 11:38:38,368 [INFO] Project 96410 -> INSERTED into 'projects'
2025-11-30 11:38:39,163 [INFO] Project 157501 -> INSERTED into 'projects'
2025-11-30 11:38:40,159 [INFO] Project 94302 -> INSERTED into 'projects'
2025-11-30 11:38:40,944 [INFO] Project 116130 -> INSERTED into 'projects'
2025-11-30 11:38:42,147 [INFO] Project 145034 -> INSERTED into 'projects'
2025-11-30 11:38:42,950 [INFO] Project 88352 -> INSERTED into 'projects'
2025-11-30 11:38:44,156 [INFO] Project 97125 -> INSERTED into 'projects'
2025-11-30 11:38:45,144 [INFO] Project 94402 -> INSERTED into 'projects'
2025-11-30 11:38:45,948 [INFO] Project 157595 -> INSERTED into 'projects'
2025-11-30 11:38:46,929 [INFO] Project 92767 -> INSERTED into 'projects'
2025-11-30 11:38:47,930 [INFO] Project 72025 -> INSERTED into 'projects'
2025-11-30 11:38:48,917 [INFO] Project 92759 -> INSERTED into 'projects'
2025-11-30 11:38:49,894 [INFO] Project 96945 -> INSERTED into 'projects'
2025-11-30 11:38:50,879 [INFO] Project 92766 -> INSERTED into 'projects'
2025-11-30 11:38:51,883 [INFO] Project 157170 -> INSERTED into 'projects'
2025-11-30 11:38:52,879 [INFO] Project 116069 -> INSERTED into 'projects'
2025-11-30 11:38:53,873 [INFO] Project 88461 -> INSERTED into 'projects'
2025-11-30 11:38:54,664 [INFO] Project 92299 -> INSERTED into 'projects'
2025-11-30 11:38:55,670 [INFO] Project 96495 -> INSERTED into 'projects'
2025-11-30 11:38:56,672 [INFO] Project 94383 -> INSERTED into 'projects'
2025-11-30 11:38:57,461 [INFO] Project 157171 -> INSERTED into 'projects'
2025-11-30 11:38:58,431 [INFO] Project 96394 -> INSERTED into 'projects'
2025-11-30 11:38:58,426 [INFO] Project 96395 -> INSERTED into 'projects'
2025-11-30 11:38:59,415 [INFO] Project 92787 -> INSERTED into 'projects'
2025-11-30 11:39:00,420 [INFO] Project 96499 -> INSERTED into 'projects'
2025-11-30 11:39:01,415 [INFO] Project 117309 -> INSERTED into 'projects'
2025-11-30 11:39:02,442 [INFO] Project 18871 -> INSERTED into 'projects'
2025-11-30 11:39:03,438 [INFO] Project 91985 -> INSERTED into 'projects'
2025-11-30 11:39:04,431 [INFO] Project 96300 -> INSERTED into 'projects'
2025-11-30 11:39:05,431 [INFO] Project 96504 -> INSERTED into 'projects'
2025-11-30 11:39:06,250 [INFO] Project 96314 -> INSERTED into 'projects'
2025-11-30 11:39:07,232 [INFO] Project 92790 -> INSERTED into 'projects'
2025-11-30 11:39:08,015 [INFO] Project 157499 -> INSERTED into 'projects'
2025-11-30 11:39:08,984 [INFO] Project 157516 -> INSERTED into 'projects'
2025-11-30 11:39:09,970 [INFO] Project 92769 -> INSERTED into 'projects'
2025-11-30 11:39:10,767 [INFO] Project 157518 -> INSERTED into 'projects'
2025-11-30 11:39:11,757 [INFO] Project 96934 -> INSERTED into 'projects'
2025-11-30 11:39:12,757 [INFO] Project 94897 -> INSERTED into 'projects'
2025-11-30 11:39:13,777 [INFO] Project 96408 -> INSERTED into 'projects'
2025-11-30 11:39:14,769 [INFO] Project 96498 -> INSERTED into 'projects'
2025-11-30 11:39:15,740 [INFO] Project 182894 -> INSERTED into 'projects'
